Academic Honors
ACADEMIC HONORS
Accolades
ACCOLADES
Accomplishments
ACCOMPLISHMENTS
Achievements
ACHIEVEMENTS
Activities and Honors
ACTIVITIES AND HONORS
Awards
AWARDS
Distinctions
DISTINCTIONS
Endorsements
ENDORSEMENTS
Fellowship
FELLOWSHIP
Fellowships
FELLOWSHIPS
Honors
HONORS
Scholarship
SCHOLARSHIP
Scholarships
SCHOLARSHIPS
Honneurs académiques
HONNEURS ACADÉMIQUES
Accolades
ACCOLADES
Réalisations
RÉALISATIONS
Réalisations
RÉALISATIONS
Activités et distinctions
ACTIVITÉS ET HONNEURS
Prix
PRIX
Distinctions
DISTINCTIONS
Avenants
Endossements
Camaraderie
CAMARADERIE
Bourses
BOURSES
Honneurs
HONNEURS
Bourse d'études
BOURSE D'ÉTUDES
Bourses d'études
BOURSES D'ÉTUDES