day
days
week
weeks
fortnight
fortnights
month
months
quarter
quarters
fiscal quarter
fiscal quarters
half
first-half
fiscal half
year
years
financial year
financial years
fiscal year
tax year
decade
decades
century
centuries
half-year
half year
journée
journées
semaine
semaines
quinze jours
quinzaine
mois
mois
trimestre
quarts
trimestre fiscal
trimestres fiscaux
moitié
première moitié
moitié fiscale
an
années
année financière
exercices financiers
exercice fiscal
année d'imposition
décennie
décennies
siècle
siècles
semestre