sea
ocean
Wall
Village
Valley
Trail
Straits
Strait
Station
Stadium
Square
Springs
Sea
Sands
River
Republic
Province
Plains
Parkway
Park
Ocean
Mountains
Mountain
Lakes
Islands
Island
Hills
Hill
Heights
Headquarters
Head Quarters
Harbor
HQ
General Headquarters
General Head Quarters
GHQ
Fjord
Everglades
Estates
District
Desert
Delta
Creek
County
City
Channel
Castle
Canal
Boulevard
Blvd.
Belt
Beach
Bay Area
Bay
Basin
Base
Barracks
Airbase
mer
océan
mur
Village
Vallée
Piste
Détroit
Détroit
Gare
Stade
Carré
Des ressorts
Mer
Sables
rivière
République
Province
Les plaines
Promenade
parc
Océan
Montagnes
Montagne
des lacs
îles
Île
Collines
Colline
hauteurs
Quartier général
Quartier général
Port
QG
quartiers généraux
Quartiers généraux
GHQ
Fjord
Everglades
Domaines
District
désert
Delta
Ruisseau
Comté
Ville
Canal
Château
Canal
Boulevard
Boulevard
Ceinture
Plage
Bay Area
baie
Bassin
Base
Caserne
Base aérienne