Trade and Industry Ministry
Ministry of Radio
Ministry of Posts and Telecommunications
Ministry of Posts and Telecommunication
Ministry of Oil Refining and Petrochemical 
Ministry of Oil Industry
Ministry of Oil
Ministry of Mineral Fertilizers
Ministry of International Trade and Industry
Ministry of Geology
Ministry of Foreign Economic Relations
Ministry of Finance
Ministry of Electronics Industry
Ministry of Defense
Foreign Ministry
Finance Ministry
Ministère du commerce et de l'industrie
Ministère de la radio
Ministère des Postes et Télécommunications
Ministère des postes et télécommunications
Ministère du raffinage du pétrole et de la pétrochimie
Ministère de l'industrie pétrolière
Ministère du Pétrole
Ministère des engrais minéraux
Ministère du commerce international et de l'industrie
Ministère de la géologie
Ministère des relations économiques extérieures
Ministère des finances
Ministère de l'industrie électronique
Ministère de la Défense
Ministère étranger
Ministère des finances