APR
APR.
APRIL
AUG
AUG.
AUGUST
AUTUMN
Apr
Apr.
April
Aug
Aug.
August
Autumn
DEC
DEC.
DECEMBER
Dec
Dec.
December
FEB
FEB.
FEBRUARY
Feb
Feb.
February
JAN
JAN.
JANUARY
JUL
JUL.
JULY
JUN
JUN.
JUNE
Jan
Jan.
January
Jul
Jul.
July
Jun
Jun.
June
MAR
MAR.
MARCH
MAY
Mar
Mar.
March
May
NOV
NOV.
NOVEMBER
Nov
Nov.
November
OCT
OCT.
OCTOBER
Oct
Oct.
October
SEP
SEP.
SEPT
SEPT.
SEPTEMBER
Sep
Sep.
Sept
Sept.
September
Summer
Winter
AVR
AVR.
AVRIL
AUG
AUG.
AOÛT
L'AUTOMNE
Avr
Avr.
avril
Août
Août
août
L'automne
DÉC
DÉC.
DÉCEMBRE
Déc
Déc.
décembre
FÉV
FÉV.
FÉVRIER
Fév
Fév.
février
JAN
JAN.
JANVIER
JUIL
JUIL.
JUILLET
JUN
JUN.
JUIN
Jan
Jan.
janvier
Juil
Juil.
juillet
Juin
Juin
juin
MAR
MAR.
MARS
MAI
Mar
Mar.
Mars
Mai
NOV
NOV.
NOVEMBRE
Nov
Nov.
novembre
OCT
OCT.
OCTOBRE
Oct
Oct.
octobre
SEP
SEP.
SEPT
SEPT.
SEPTEMBRE
Sep
Sep.
Sept
Sept.
septembre
Été
Hiver