ACQUISITION
AFFAIRES
AFFAIRS
AIRCRAFT
AIRLINES
AIRWAYS
ASSOCIATES
ASSURANCE
AVIATION
BANCORP
BOAT COMPANY
BOATS
BRANDS
BREWERY
CAPITAL
CARE
CHEMICALS
CHRONICLE
CIRCUS
COALITION
COMMITTEE
COMMUNICATIONS
COMPUTER
CONSULTING
CONTAINERS
CORPS
COST
DATA
DEPARTMENT STORE
DESIGN
DEVELOPMENT
DISTANCE
DREW
DRILLING
EDUCATION
ELECTRIC
ELECTRICITY
ELECTRIQUES
ENERGIE
ENERGY
ENGINES
ENTERPRISE
ENTERPRISES
EQUITABLE
FéDéRAL
FEDERAL
FINANCIAL
FIRE RESCUE
GéNéRAL
GéNéRALE
GAS
GESTION
HOLDINGS
INDUSTRIALE
INDUSTRIES
INSTITUTE OF TECHNOLOGY
INSURANCE
INTERNATIONAL
INTERSTATE
INVESTISSEMENTS
INVESTMENT
INVESTMENTS
INVESTORS
KENNELS
MACHINES
MAGASINS
MANAGEMENT
MARINE
MARKETING
MARKETS
MEDIA
MERCANTILE EXCHANGE
MINING
MOTOR
MOTORS
NEWS
NEWS SERVICE
OIL
OPTICAL
ORGANIZATION
PETROLE
PETROLEUM
PHARMACARE
PHARMACEUTICAL
PHARMACEUTICALS
PHARMACEUTIQUES
POTTERY
POWER
PRESS
RADIO
RéGULATION
RECHERCHE
RECORDS
RESCUE
RESERVE
ROUGE
SAVINGS
SECURE ELECTRONIC TRANSACTION
SECURITIES
SERVICES
STATE POLICE
STOCK EXCHANGE
STORES
SYSTEMS
TéLéVISION
TECHNOLOGIE
TECHNOLOGIES
TECHNOLOGY
TELEGRAPH
TELEVISION
TIMES
TOURS
TV
UTILITIES
WANDERERS
WARE
ACQUISITION
AFFAIRES
AFFAIRES
AVION
AIRLINES
VOIES AÉRIENNES
ASSOCIÉS
ASSURANCE
AVIATION
BANCORP
BOAT COMPANY
BATEAUX
MARQUES
BRASSERIE
CAPITALE
SE SOUCIER
PRODUITS CHIMIQUES
LA CHRONIQUE
CIRQUE
COALITION
COMITÉ
COMMUNICATIONS
ORDINATEUR
CONSULTANT
CONTENEURS
CORPS
COÛT
LES DONNÉES
GRAND MAGASIN
CONCEPTION
DÉVELOPPEMENT
DISTANCE
A DESSINÉ
FORAGE
ÉDUCATION
ÉLECTRIQUE
ÉLECTRICITÉ
ELECTRIQUES
ENERGIE
ÉNERGIE
MOTEURS
ENTREPRISE
ENTREPRISES
ÉQUITABLE
Fédéral
FÉDÉRAL
FINANCIER
LES POMPIERS
Général
GéNéRALE
GAZ
GESTION
HOLDINGS
INDUSTRIALE
LES INDUSTRIES
INSTITUT DE TECHNOLOGIE
ASSURANCE
INTERNATIONAL
ENTRE ÉTATS
INVESTISSEMENTS
INVESTISSEMENT
Investissements
INVESTISSEURS
KENNELS
MACHINES
MAGASINS
LA GESTION
MARIN
COMMERCIALISATION
MARCHÉS
MÉDIAS
ÉCHANGE DE MERCANTILE
EXPLOITATION MINIÈRE
MOTEUR
MOTEURS
NOUVELLES
SERVICE DE NOUVELLES
PÉTROLE
OPTIQUE
ORGANISATION
PÉTROLE
PÉTROLE
PHARMACARE
PHARMACEUTIQUE
MÉDICAMENTS
PHARMACEUTIQUES
POTERIE
PUISSANCE
PRESSE
RADIO
Règlement
RECHERCHÉ
RECORDS
PORTER SECOURS
RÉSERVE
ROUGE
DES ÉCONOMIES
TRANSACTION ELECTRONIQUE SECURISEE
TITRES
PRESTATIONS DE SERVICE
POLICE D'ÉTAT
BOURSE
MAGASINS
SYSTÈMES
Télévision
TECHNOLOGIE
LES TECHNOLOGIES
LA TECHNOLOGIE
TÉLÉGRAPHE
TÉLÉVISION
FOIS
TOURS
la télé
UTILITAIRES
WANDERERS
WARE