Abilities
ABILITIES
Areas of Experience
AREAS OF EXPERIENCE
Areas of Expertise
AREAS OF EXPERTISE
Areas of Knowledge
AREAS OF KNOWLEDGE
Career Related Skills
CAREER RELATED SKILLS
Computer Knowledge
COMPUTER KNOWLEDGE
Computer Skills
COMPUTER SKILLS
Credentials
CREDENTIALS
Expertise
EXPERTISE
Language Competencies and Skills
LANGUAGE COMPETENCIES AND SKILLS
Languages
LANGUAGES
Languages / Frameworks
LANGUAGES Et Frameworks
Professional Skills
PROFESSIONAL SKILLS
Proficiencies
PROFICIENCIES
Programming Languages
PROGRAMMING LANGUAGES
Qualifications
QUALIFICATIONS
Skills
SKILLS
Specialized Skills
SPECIALIZED SKILLS
Technical Experience
TECHNICAL EXPERIENCE
Technical Skills
TECHNICAL SKILLS
Technologies
TECHNOLOGIES
Capacités
CAPACITÉS
Domaines d'Expérience
DOMAINES D'EXPÉRIENCE
Domaines d'expertise
DOMAINES D'EXPERTISE
Domaines de connaissance
DOMAINES DE CONNAISSANCES
Compétences liées à la carrière
COMPÉTENCES LIÉES À LA CARRIÈRE
Connaissances en informatique
CONNAISSANCES EN INFORMATIQUE
Compétences informatiques
COMPÉTENCES INFORMATIQUES
Lettres de créance
LETTRES DE CRÉANCE
Compétence
COMPÉTENCE
Compétences linguistiques et compétences
COMPÉTENCES ET COMPÉTENCES LINGUISTIQUES
Langues
LANGUES
compétences professionnelles
COMPÉTENCES PROFESSIONNELLES
Les compétences
COMPETENCES
Langages de programmation
LANGAGES DE PROGRAMMATION
Qualifications
QUALIFICATIONS
Compétences
COMPÉTENCES
Compétences Spécialisées
COMPÉTENCES SPÉCIALISÉES
Expérience Technique
EXPÉRIENCE TECHNIQUE
Compétences techniques
COMPÉTENCES TECHNIQUES
Les technologies
LES TECHNOLOGIES
Compétences Techniques