CAREER GOAL
Career Goal
CAREER OBJECTIVE
Career Objective
CAREER SUMMARY
Career Summary
EMPLOYMENT OBJECTIVE
Employment Objective
HIGHLIGHTS
Highlights
JOB OBJECTIVE
Job Objective
OBJECTIVE
Objective
PROFESSIONAL OBJECTIVE
Professional Objective
Professional Profile
PROFESSIONAL PROFILE
Professional Summary
PROFESSIONAL SUMMARY
PROFILE
Profile
General Profil
SUMMARY
Summary
SUMMARY OF QUALIFICATIONS
Summary of Qualifications
SUMMARY STATEMENT
Summary Statement
TECHNICAL SUMMARY
Technical Summary
BUT DE LA CARRIÈRE
But de la carrière
PLAN DE CARRIÈRE
Plan de carrière
RÉSUMÉ DE CARRIÈRE
Résumé de carrière
OBJECTIF DE L'EMPLOI
Objectif de l'emploi
POINTS FORTS
Points forts
OBJECTIF DU TRAVAIL
Objectif du travail
OBJECTIF
Objectif
OBJECTIF PROFESSIONNEL
Objectif professionnel
Profil professionnel
PROFIL PROFESSIONNEL
résumé professionnel
RÉSUMÉ PROFESSIONNEL
PROFIL
Profil
RÉSUMÉ
Résumé
RÉSUMÉ DE QUALIFICATIONS
Résumé de qualifications
DÉCLARATION SOMMAIRE
Déclaration sommaire
RÉSUMÉ TECHNIQUE
Résumé technique
Profil Général