witching hour
tonight
start of the day
pre-dawn
overnight
noontide
noonday
noon
nightfall
morning
midnight
middle of the day
midday
midafternoon
mid-day
mid - day
gloaming
evening
end of the day
dusk
daybreak
dawn
break of the day
break of day
afternoon
heure des sorcières
ce soir
début de la journée
avant l'aube
pendant la nuit
midi
midi
le midi
tombée de la nuit
Matin
minuit
milieu de la journée
midi
milieu d'après-midi
midi
mi-journée
crépuscule
soir
fin de la journée
crépuscule
aube
Aube
pause du jour
pause du jour
après midi