ADDITIONAL EXPERIENCE
Additional Experience
ARMY EXPERIENCE
Army Experience
CAREER RELATED EXPERIENCE
Career Related Experience
EMPLOYMENT HISTORY
Employment History
EXPERIENCE
Experience
FREELANCE
Freelance
FREELANCE EXPERIENCE
Freelance Experience
MILITARY BACKGROUND
Military Background
MILITARY EXPERIENCE
Military Experience
PROFESSIONAL BACKGROUND
Professional Background
PROFESSIONAL EXPERIENCE
Professional Experience
Project
PROJECT
Projects
PROJECTS
Related Experience
RELATED EXPERIENCE
WORK EXPERIENCE
Work Experience
Work History
WORK HISTORY
EXPÉRIENCE SUPPLÉMENTAIRE
Expérience additionnelle
EXPÉRIENCE ARMÉE
Expérience de l'armée
EXPÉRIENCE LIÉE À LA CARRIÈRE
Expérience liée à la carrière
HISTOIRE DE L'EMPLOI
Histoire de l'emploi
EXPÉRIENCE
Expérience
FREE-LANCE
Free-lance
EXPÉRIENCE DE FREELANCE
Expérience en freelance
Contexte militaire
Contexte militaire
EXPÉRIENCE MILITAIRE
Expérience militaire
EXPÉRIENCE PROFESSIONNELLE
Expérience professionnelle
EXPÉRIENCE PROFESSIONNELLE
Expérience professionnelle
EXPERIENCE PROFESSIONNELLE
Projet
PROJET
Projets
PROJETS
PROJETS ACADIMIQUES
Projets Acadimiques
Expérience similaire
EXPÉRIENCE SIMILAIRE
EXPÉRIENCE PROFESSIONNELLE
expérience professionnelle
Antécédents de travail
ANTÉCÉDENTS DE TRAVAIL
Expérience professionnelle